{"C:\\Users\\AnJung\\Documents\\project\\full-project\\nodebird\\controllers\\user.js": {"path":"C:\\Users\\AnJung\\Documents\\project\\full-project\\nodebird\\controllers\\user.js","statementMap":{"0":{"start":{"line":1,"column":13},"end":{"line":1,"column":38}},"1":{"start":{"line":3,"column":0},"end":{"line":16,"column":2}},"2":{"start":{"line":4,"column":2},"end":{"line":15,"column":3}},"3":{"start":{"line":5,"column":17},"end":{"line":5,"column":67}},"4":{"start":{"line":6,"column":4},"end":{"line":11,"column":5}},"5":{"start":{"line":7,"column":6},"end":{"line":7,"column":59}},"6":{"start":{"line":8,"column":6},"end":{"line":8,"column":26}},"7":{"start":{"line":10,"column":6},"end":{"line":10,"column":38}},"8":{"start":{"line":13,"column":4},"end":{"line":13,"column":25}},"9":{"start":{"line":14,"column":4},"end":{"line":14,"column":16}},"10":{"start":{"line":18,"column":0},"end":{"line":31,"column":2}},"11":{"start":{"line":19,"column":2},"end":{"line":30,"column":3}},"12":{"start":{"line":20,"column":17},"end":{"line":20,"column":67}},"13":{"start":{"line":21,"column":4},"end":{"line":26,"column":5}},"14":{"start":{"line":22,"column":6},"end":{"line":22,"column":62}},"15":{"start":{"line":23,"column":6},"end":{"line":23,"column":26}},"16":{"start":{"line":25,"column":6},"end":{"line":25,"column":38}},"17":{"start":{"line":28,"column":4},"end":{"line":28,"column":25}},"18":{"start":{"line":29,"column":4},"end":{"line":29,"column":16}}},"fnMap":{"0":{"name":"(anonymous_0)","decl":{"start":{"line":3,"column":23},"end":{"line":3,"column":24}},"loc":{"start":{"line":3,"column":49},"end":{"line":16,"column":1}},"line":3},"1":{"name":"(anonymous_1)","decl":{"start":{"line":18,"column":26},"end":{"line":18,"column":27}},"loc":{"start":{"line":18,"column":52},"end":{"line":31,"column":1}},"line":18}},"branchMap":{"0":{"loc":{"start":{"line":6,"column":4},"end":{"line":11,"column":5}},"type":"if","locations":[{"start":{"line":6,"column":4},"end":{"line":11,"column":5}},{"start":{"line":9,"column":11},"end":{"line":11,"column":5}}],"line":6},"1":{"loc":{"start":{"line":21,"column":4},"end":{"line":26,"column":5}},"type":"if","locations":[{"start":{"line":21,"column":4},"end":{"line":26,"column":5}},{"start":{"line":24,"column":11},"end":{"line":26,"column":5}}],"line":21}},"s":{"0":1,"1":1,"2":3,"3":3,"4":2,"5":1,"6":1,"7":1,"8":1,"9":1,"10":1,"11":3,"12":3,"13":2,"14":1,"15":1,"16":1,"17":1,"18":1},"f":{"0":3,"1":3},"b":{"0":[1,1],"1":[1,1]},"_coverageSchema":"1a1c01bbd47fc00a2c39e90264f33305004495a9","hash":"01a75adc71ec05b8552c27ca9d91c8a8c1c7389c"}
,"C:\\Users\\AnJung\\Documents\\project\\full-project\\nodebird\\models\\user.js": {"path":"C:\\Users\\AnJung\\Documents\\project\\full-project\\nodebird\\models\\user.js","statementMap":{"0":{"start":{"line":1,"column":18},"end":{"line":1,"column":38}},"1":{"start":{"line":3,"column":0},"end":{"line":60,"column":2}},"2":{"start":{"line":5,"column":4},"end":{"line":44,"column":6}},"3":{"start":{"line":47,"column":4},"end":{"line":47,"column":29}},"4":{"start":{"line":48,"column":4},"end":{"line":52,"column":7}},"5":{"start":{"line":53,"column":4},"end":{"line":57,"column":7}},"6":{"start":{"line":58,"column":4},"end":{"line":58,"column":56}}},"fnMap":{"0":{"name":"(anonymous_0)","decl":{"start":{"line":4,"column":2},"end":{"line":4,"column":3}},"loc":{"start":{"line":4,"column":25},"end":{"line":45,"column":3}},"line":4},"1":{"name":"(anonymous_1)","decl":{"start":{"line":46,"column":2},"end":{"line":46,"column":3}},"loc":{"start":{"line":46,"column":23},"end":{"line":59,"column":3}},"line":46}},"branchMap":{},"s":{"0":3,"1":3,"2":1,"3":1,"4":1,"5":1,"6":1},"f":{"0":1,"1":1},"b":{},"_coverageSchema":"1a1c01bbd47fc00a2c39e90264f33305004495a9","hash":"66c44c3c6946eb12e25e6b335c03fd272f544c8a"}
,"C:\\Users\\AnJung\\Documents\\project\\full-project\\nodebird\\routes\\middlewares.js": {"path":"C:\\Users\\AnJung\\Documents\\project\\full-project\\nodebird\\routes\\middlewares.js","statementMap":{"0":{"start":{"line":1,"column":17},"end":{"line":1,"column":36}},"1":{"start":{"line":2,"column":13},"end":{"line":2,"column":38}},"2":{"start":{"line":4,"column":0},"end":{"line":10,"column":2}},"3":{"start":{"line":5,"column":2},"end":{"line":9,"column":3}},"4":{"start":{"line":6,"column":4},"end":{"line":6,"column":11}},"5":{"start":{"line":8,"column":4},"end":{"line":8,"column":35}},"6":{"start":{"line":12,"column":0},"end":{"line":19,"column":2}},"7":{"start":{"line":13,"column":2},"end":{"line":18,"column":3}},"8":{"start":{"line":14,"column":4},"end":{"line":14,"column":11}},"9":{"start":{"line":16,"column":20},"end":{"line":16,"column":53}},"10":{"start":{"line":17,"column":4},"end":{"line":17,"column":39}},"11":{"start":{"line":21,"column":0},"end":{"line":26,"column":2}},"12":{"start":{"line":22,"column":2},"end":{"line":25,"column":3}},"13":{"start":{"line":23,"column":4},"end":{"line":23,"column":25}},"14":{"start":{"line":24,"column":4},"end":{"line":24,"column":11}},"15":{"start":{"line":28,"column":0},"end":{"line":33,"column":2}},"16":{"start":{"line":29,"column":2},"end":{"line":32,"column":3}},"17":{"start":{"line":30,"column":4},"end":{"line":30,"column":25}},"18":{"start":{"line":31,"column":4},"end":{"line":31,"column":11}}},"fnMap":{"0":{"name":"(anonymous_0)","decl":{"start":{"line":4,"column":21},"end":{"line":4,"column":22}},"loc":{"start":{"line":4,"column":41},"end":{"line":10,"column":1}},"line":4},"1":{"name":"(anonymous_1)","decl":{"start":{"line":12,"column":24},"end":{"line":12,"column":25}},"loc":{"start":{"line":12,"column":44},"end":{"line":19,"column":1}},"line":12},"2":{"name":"(anonymous_2)","decl":{"start":{"line":21,"column":18},"end":{"line":21,"column":19}},"loc":{"start":{"line":21,"column":38},"end":{"line":26,"column":1}},"line":21},"3":{"name":"(anonymous_3)","decl":{"start":{"line":28,"column":21},"end":{"line":28,"column":22}},"loc":{"start":{"line":28,"column":41},"end":{"line":33,"column":1}},"line":28}},"branchMap":{"0":{"loc":{"start":{"line":5,"column":2},"end":{"line":9,"column":3}},"type":"if","locations":[{"start":{"line":5,"column":2},"end":{"line":9,"column":3}},{"start":{"line":7,"column":9},"end":{"line":9,"column":3}}],"line":5},"1":{"loc":{"start":{"line":13,"column":2},"end":{"line":18,"column":3}},"type":"if","locations":[{"start":{"line":13,"column":2},"end":{"line":18,"column":3}},{"start":{"line":15,"column":9},"end":{"line":18,"column":3}}],"line":13},"2":{"loc":{"start":{"line":22,"column":2},"end":{"line":25,"column":3}},"type":"if","locations":[{"start":{"line":22,"column":2},"end":{"line":25,"column":3}},{"start":{},"end":{}}],"line":22},"3":{"loc":{"start":{"line":29,"column":2},"end":{"line":32,"column":3}},"type":"if","locations":[{"start":{"line":29,"column":2},"end":{"line":32,"column":3}},{"start":{},"end":{}}],"line":29}},"s":{"0":1,"1":1,"2":1,"3":2,"4":1,"5":1,"6":1,"7":2,"8":1,"9":1,"10":1,"11":1,"12":0,"13":0,"14":0,"15":1,"16":0,"17":0,"18":0},"f":{"0":2,"1":2,"2":0,"3":0},"b":{"0":[1,1],"1":[1,1],"2":[0,0],"3":[0,0]},"_coverageSchema":"1a1c01bbd47fc00a2c39e90264f33305004495a9","hash":"6692edfcd32d3aa0a2bdf44f68ceacf55cbc75fe"}
}
